_cargar_datos_tabla | A1 | valor='TENDIDOS' | font_size=6.0
_cargar_datos_tabla | F1 | valor='EQUIPOS' | font_size=6.0
_cargar_datos_tabla | G1 | valor='COORDENADAS' | font_size=6.0
_cargar_datos_tabla | J1 | valor='POSTE' | font_size=6.0
_cargar_datos_tabla | L1 | valor='CIMENTACIÓN' | font_size=6.0
_cargar_datos_tabla | N1 | valor='ARMADOS' | font_size=6.0
_cargar_datos_tabla | A2 | valor='No. Apoyo' | font_size=6.0
_cargar_datos_tabla | B2 | valor='Tipo de Apoyo' | font_size=6.0
_cargar_datos_tabla | C2 | valor='Cantón' | font_size=6.0
_cargar_datos_tabla | D2 | valor='Conductor' | font_size=6.0
_cargar_datos_tabla | E2 | valor='Tipo Tense' | font_size=6.0
_cargar_datos_tabla | F2 | valor='Reconectador' | font_size=6.0
_cargar_datos_tabla | G2 | valor='X' | font_size=6.0
_cargar_datos_tabla | H2 | valor='Y' | font_size=6.0
_cargar_datos_tabla | I2 | valor='Z' | font_size=6.0
_cargar_datos_tabla | J2 | valor='h/CR' | font_size=6.0
_cargar_datos_tabla | K2 | valor='Origen' | font_size=6.0
_cargar_datos_tabla | L2 | valor='Tipo' | font_size=6.0
_cargar_datos_tabla | M2 | valor='Terreno' | font_size=6.0
_cargar_datos_tabla | N2 | valor='No. Perfor' | font_size=6.0
_cargar_datos_tabla | O2 | valor='Tipo de Armado Primario' | font_size=6.0
_cargar_datos_tabla | P2 | valor='Tipo de Armado Secundario' | font_size=6.0
_cargar_datos_tabla | Q2 | valor='No. Fases' | font_size=6.0
_cargar_datos_tabla | A3 | valor='EPP 001' | font_size=7.0
_cargar_datos_tabla | B3 | valor='FL' | font_size=7.0
_cargar_datos_tabla | C3 | valor=2 | font_size=7.0
_cargar_datos_tabla | D3 | valor='AAAC 246,9 kcmil' | font_size=7.0
_cargar_datos_tabla | E3 | valor='Normal' | font_size=7.0
_cargar_datos_tabla | F3 | valor=1 | font_size=7.0
_cargar_datos_tabla | G3 | valor='-74.443947' | font_size=7.0
_cargar_datos_tabla | H3 | valor='9.250666' | font_size=7.0
_cargar_datos_tabla | I3 | valor='0' | font_size=7.0
_cargar_datos_tabla | J3 | valor='12/1324' | font_size=7.0
_cargar_datos_tabla | K3 | valor='E' | font_size=7.0
_cargar_datos_tabla | N3 | valor=1 | font_size=7.0
_cargar_datos_tabla | O3 | valor='Horizontal' | font_size=7.0
_cargar_datos_tabla | Q3 | valor=3 | font_size=7.0
_cargar_datos_tabla | A4 | valor='EPP 002' | font_size=7.0
_cargar_datos_tabla | B4 | valor='AL' | font_size=7.0
_cargar_datos_tabla | C4 | valor=1 | font_size=7.0
_cargar_datos_tabla | D4 | valor='AAAC 246,9 kcmil' | font_size=7.0
_cargar_datos_tabla | E4 | valor='Normal' | font_size=7.0
_cargar_datos_tabla | G4 | valor='-74.443819' | font_size=7.0
_cargar_datos_tabla | H4 | valor='9.25077' | font_size=7.0
_cargar_datos_tabla | I4 | valor='0.1720376399' | font_size=7.0
_cargar_datos_tabla | J4 | valor='12/1030' | font_size=7.0
_cargar_datos_tabla | K4 | valor='N' | font_size=7.0
_cargar_datos_tabla | N4 | valor=1 | font_size=7.0
_cargar_datos_tabla | O4 | valor='Horizontal y Horizontal' | font_size=7.0
_cargar_datos_tabla | Q4 | valor=3 | font_size=7.0
_cargar_datos_tabla | A5 | valor='EPP 003' | font_size=7.0
_cargar_datos_tabla | B5 | valor='ANG' | font_size=7.0
_cargar_datos_tabla | C5 | valor=1 | font_size=7.0
_cargar_datos_tabla | D5 | valor='AAAC 246,9 kcmil' | font_size=7.0
_cargar_datos_tabla | E5 | valor='Normal' | font_size=7.0
_cargar_datos_tabla | G5 | valor='-74.443816' | font_size=7.0
_cargar_datos_tabla | H5 | valor='9.251178' | font_size=7.0
_cargar_datos_tabla | I5 | valor='1.511323544' | font_size=7.0
_cargar_datos_tabla | J5 | valor='12/1030' | font_size=7.0
_cargar_datos_tabla | K5 | valor='N' | font_size=7.0
_cargar_datos_tabla | N5 | valor=1 | font_size=7.0
_cargar_datos_tabla | O5 | valor='Horizontal' | font_size=7.0
_cargar_datos_tabla | Q5 | valor=3 | font_size=7.0
_cargar_datos_tabla | A6 | valor='EPP 004' | font_size=7.0
_cargar_datos_tabla | B6 | valor='ANC' | font_size=7.0
_cargar_datos_tabla | C6 | valor=1 | font_size=7.0
_cargar_datos_tabla | D6 | valor='AAAC 246,9 kcmil' | font_size=7.0
_cargar_datos_tabla | E6 | valor='Normal' | font_size=7.0
_cargar_datos_tabla | G6 | valor='-74.44382' | font_size=7.0
_cargar_datos_tabla | H6 | valor='9.25069' | font_size=7.0
_cargar_datos_tabla | I6 | valor='-0.976570132' | font_size=7.0
_cargar_datos_tabla | J6 | valor='12/1324' | font_size=7.0
_cargar_datos_tabla | K6 | valor='N' | font_size=7.0
_cargar_datos_tabla | N6 | valor=1 | font_size=7.0
_cargar_datos_tabla | O6 | valor='Compacta' | font_size=7.0
_cargar_datos_tabla | Q6 | valor=3 | font_size=7.0
_cargar_datos_tabla | A6 | valor='Cantón' | font_size=7.0
_cargar_datos_tabla | B6 | valor='Poste Inicial' | font_size=7.0
_cargar_datos_tabla | C6 | valor='Poste Final' | font_size=7.0
_cargar_datos_tabla | D6 | valor='Longitud Total del cantón' | font_size=7.0
_cargar_datos_tabla | E6 | valor='Vano de Regulación' | font_size=7.0
_cargar_datos_tabla | F6 | valor='Tense de Flecha Máxima (daN)' | font_size=7.0
_cargar_datos_tabla | G6 | valor='Tense de Flecha Mínima (daN)' | font_size=7.0
_cargar_datos_tabla | H6 | valor='Flecha Máxima (m)' | font_size=7.0
_cargar_datos_tabla | I6 | valor='Flecha Mínima (m)' | font_size=7.0
_cargar_datos_tabla | J6 | valor='Parámetro de Flecha Máxima (m)' | font_size=7.0
_cargar_datos_tabla | K6 | valor='Parámetro de Flecha Mínima (m)' | font_size=7.0
_cargar_datos_tabla | A7 | valor=1 | font_size=7.0
_cargar_datos_tabla | B7 | valor='EPP 003' | font_size=7.0
_cargar_datos_tabla | C7 | valor='EPP 004' | font_size=7.0
_cargar_datos_tabla | D7 | valor=53.9795 | font_size=7.0
_cargar_datos_tabla | E7 | valor=41.5052 | font_size=7.0
_cargar_datos_tabla | F7 | valor=37.8068 | font_size=7.0
_cargar_datos_tabla | G7 | valor=103.3885 | font_size=7.0
_cargar_datos_tabla | H7 | valor=2.3649 | font_size=7.0
_cargar_datos_tabla | I7 | valor=0.0324 | font_size=7.0
_cargar_datos_tabla | J7 | valor=108.3037 | font_size=7.0
_cargar_datos_tabla | K7 | valor=114.867 | font_size=7.0
_cargar_datos_tabla | A8 | valor=2 | font_size=7.0
_cargar_datos_tabla | B8 | valor='EPP 002' | font_size=7.0
_cargar_datos_tabla | C8 | valor='EPP 001' | font_size=7.0
_cargar_datos_tabla | D8 | valor=18.1467 | font_size=7.0
_cargar_datos_tabla | E8 | valor=18.1742 | font_size=7.0
_cargar_datos_tabla | F8 | valor=40.8021 | font_size=7.0
_cargar_datos_tabla | G8 | valor=86.1658 | font_size=7.0
_cargar_datos_tabla | H8 | valor=0.3475 | font_size=7.0
_cargar_datos_tabla | I8 | valor=0.1646 | font_size=7.0
_cargar_datos_tabla | J8 | valor=118.8526 | font_size=7.0
_cargar_datos_tabla | K8 | valor=250.7831 | font_size=7.0
_cargar_datos_tabla | A1 | valor='CÁLCULO DE EOLOVANOS Y GRAVIVANOS' | font_size=7.0
_cargar_datos_tabla | E2 | valor='Gravivano (m)' | font_size=7.0
_cargar_datos_tabla | A3 | valor='No. Apoyo' | font_size=7.0
_cargar_datos_tabla | B3 | valor='No de Cantón' | font_size=7.0
_cargar_datos_tabla | C3 | valor='Conductor' | font_size=7.0
_cargar_datos_tabla | D3 | valor='Eolovano (m)' | font_size=7.0
_cargar_datos_tabla | E3 | valor='Hipótesis de Viento' | font_size=7.0
_cargar_datos_tabla | F3 | valor='Hipotesis Flecha Mínima' | font_size=7.0
_cargar_datos_tabla | A4 | valor='EPP 001' | font_size=7.0
_cargar_datos_tabla | B4 | valor=2 | font_size=7.0
_cargar_datos_tabla | C4 | valor='AAAC 246,9 kcmil' | font_size=7.0
_cargar_datos_tabla | D4 | valor=9.0733 | font_size=7.0
_cargar_datos_tabla | E4 | valor=21.8447 | font_size=7.0
_cargar_datos_tabla | F4 | valor=28.3977 | font_size=7.0
_cargar_datos_tabla | A5 | valor='EPP 002' | font_size=7.0
_cargar_datos_tabla | B5 | valor='1,2' | font_size=7.0
_cargar_datos_tabla | C5 | valor='AAAC 246,9 kcmil' | font_size=7.0
_cargar_datos_tabla | D5 | valor=26.9898 | font_size=7.0
_cargar_datos_tabla | E5 | valor=38.3004 | font_size=7.0
_cargar_datos_tabla | F5 | valor=52.9719 | font_size=7.0
_cargar_datos_tabla | A6 | valor='EPP 003' | font_size=7.0
_cargar_datos_tabla | B6 | valor=1 | font_size=7.0
_cargar_datos_tabla | C6 | valor='AAAC 246,9 kcmil' | font_size=7.0
_cargar_datos_tabla | D6 | valor=45 | font_size=7.0
_cargar_datos_tabla | E6 | valor=38.1991 | font_size=7.0
_cargar_datos_tabla | F6 | valor=38.0336 | font_size=7.0
_cargar_datos_tabla | A7 | valor='EPP 004' | font_size=7.0
_cargar_datos_tabla | B7 | valor=1 | font_size=7.0
_cargar_datos_tabla | C7 | valor='AAAC 246,9 kcmil' | font_size=7.0
_cargar_datos_tabla | D7 | valor=24.4014 | font_size=7.0
_cargar_datos_tabla | E7 | valor=14.6323 | font_size=7.0
_cargar_datos_tabla | F7 | valor=-0.152 | font_size=7.0
_cargar_datos_tabla | A1 | valor='CÁLCULO DEL POSTE AUTOSOPORTADO' | font_size=7.0
_cargar_datos_tabla | A2 | valor='INFORMACIÓN DEL APOYO' | font_size=7.0
_cargar_datos_tabla | A4 | valor='Numero de apoyo' | font_size=7.0
_cargar_datos_tabla | B4 | valor='Poste L-CR' | font_size=7.0
_cargar_datos_tabla | C4 | valor='β' | font_size=7.0
_cargar_datos_tabla | D4 | valor='Armado Primario' | font_size=7.0
_cargar_datos_tabla | E4 | valor='Armado Secundario' | font_size=7.0
_cargar_datos_tabla | F4 | valor='Vano anterior' | font_size=7.0
_cargar_datos_tabla | A5 | valor='EPP 001' | font_size=7.0
_cargar_datos_tabla | B5 | valor='PH 12/1324 daN' | font_size=7.0
_cargar_datos_tabla | C5 | valor=0 | font_size=7.0
_cargar_datos_tabla | D5 | valor='MT331-1' | font_size=7.0
_cargar_datos_tabla | F5 | valor=18.1467 | font_size=7.0
_cargar_datos_tabla | A6 | valor='EPP 002' | font_size=7.0
_cargar_datos_tabla | B6 | valor='PH 12/1030 daN' | font_size=7.0
_cargar_datos_tabla | C6 | valor=0 | font_size=7.0
_cargar_datos_tabla | D6 | valor='MT332-1' | font_size=7.0
_cargar_datos_tabla | F6 | valor=45.1767 | font_size=7.0
_cargar_datos_tabla | A7 | valor='EPP 003' | font_size=7.0
_cargar_datos_tabla | B7 | valor='PH 12/1030 daN' | font_size=7.0
_cargar_datos_tabla | C7 | valor=0 | font_size=7.0
_cargar_datos_tabla | D7 | valor='MT333-1' | font_size=7.0
_cargar_datos_tabla | F7 | valor=0 | font_size=7.0
_cargar_datos_tabla | A8 | valor='EPP 004' | font_size=7.0
_cargar_datos_tabla | B8 | valor='PH 12/1324 daN' | font_size=7.0
_cargar_datos_tabla | C8 | valor=48.4115 | font_size=7.0
_cargar_datos_tabla | D8 | valor='MT534-1' | font_size=7.0
_cargar_datos_tabla | F8 | valor=8.8028 | font_size=7.0
_cargar_datos_tabla | A1 | valor='CÁLCULO DE ESFUERZOS SOBRE EL APOYO' | font_size=7.0
_cargar_datos_tabla | A2 | valor='Numero de apoyo' | font_size=7.0
_cargar_datos_tabla | B2 | valor='FTVP' | font_size=7.0
_cargar_datos_tabla | C2 | valor='FTVC' | font_size=7.0
_cargar_datos_tabla | D2 | valor='FTVE' | font_size=7.0
_cargar_datos_tabla | E2 | valor='FTEC' | font_size=7.0
_cargar_datos_tabla | F2 | valor='FLEE' | font_size=7.0
_cargar_datos_tabla | G2 | valor='FLMC' | font_size=7.0
_cargar_datos_tabla | H2 | valor='Fvc' | font_size=7.0
_cargar_datos_tabla | I2 | valor='Fve' | font_size=7.0
_cargar_datos_tabla | A3 | valor='EPP 001' | font_size=7.0
_cargar_datos_tabla | B3 | valor=60.0263 | font_size=7.0
_cargar_datos_tabla | C3 | valor=0 | font_size=7.0
_cargar_datos_tabla | D3 | valor=88.6909 | font_size=7.0
_cargar_datos_tabla | E3 | valor=0 | font_size=7.0
_cargar_datos_tabla | F3 | valor=88.2599 | font_size=7.0
_cargar_datos_tabla | G3 | valor=140.4909 | font_size=7.0
_cargar_datos_tabla | H3 | valor=0 | font_size=7.0
_cargar_datos_tabla | I3 | valor=600 | font_size=7.0
_cargar_datos_tabla | A4 | valor='EPP 002' | font_size=7.0
_cargar_datos_tabla | B4 | valor=57.6348 | font_size=7.0
_cargar_datos_tabla | C4 | valor=64.9272 | font_size=7.0
_cargar_datos_tabla | D4 | valor=0 | font_size=7.0
_cargar_datos_tabla | E4 | valor=0 | font_size=7.0
_cargar_datos_tabla | F4 | valor=0 | font_size=7.0
_cargar_datos_tabla | G4 | valor=124.6055 | font_size=7.0
_cargar_datos_tabla | H4 | valor=81.4837 | font_size=7.0
_cargar_datos_tabla | I4 | valor=0 | font_size=7.0
_cargar_datos_tabla | A5 | valor='EPP 003' | font_size=7.0
_cargar_datos_tabla | B5 | valor=57.6348 | font_size=7.0
_cargar_datos_tabla | C5 | valor=30.4791 | font_size=7.0
_cargar_datos_tabla | D5 | valor=0 | font_size=7.0
_cargar_datos_tabla | E5 | valor=0 | font_size=7.0
_cargar_datos_tabla | F5 | valor=0 | font_size=7.0
_cargar_datos_tabla | G5 | valor=0.1546 | font_size=7.0
_cargar_datos_tabla | H5 | valor=86.9278 | font_size=7.0
_cargar_datos_tabla | I5 | valor=0 | font_size=7.0
_cargar_datos_tabla | A6 | valor='EPP 004' | font_size=7.0
_cargar_datos_tabla | B6 | valor=60.0263 | font_size=7.0
_cargar_datos_tabla | C6 | valor=130.6895 | font_size=7.0
_cargar_datos_tabla | D6 | valor=0 | font_size=7.0
_cargar_datos_tabla | E6 | valor=0 | font_size=7.0
_cargar_datos_tabla | F6 | valor=0 | font_size=7.0
_cargar_datos_tabla | G6 | valor=56.598 | font_size=7.0
_cargar_datos_tabla | H6 | valor=27.5679 | font_size=7.0
_cargar_datos_tabla | I6 | valor=0 | font_size=7.0
_cargar_datos_tabla | A1 | valor='ANÁLISIS HIPÓTESIS NORMALES' | font_size=7.0
_cargar_datos_tabla | B2 | valor='Validación del poste autosoportado a la flexión' | font_size=7.0
_cargar_datos_tabla | E2 | valor='Esfuerzo Vertical Total' | font_size=7.0
_cargar_datos_tabla | H2 | valor='Esfuerzo Vertical a la altura de los equipos,' | font_size=7.0
_cargar_datos_tabla | A3 | valor='Numero de apoyo' | font_size=7.0
_cargar_datos_tabla | B3 | valor='FHR' | font_size=7.0
_cargar_datos_tabla | C3 | valor='C.R.' | font_size=7.0
_cargar_datos_tabla | D3 | valor='C.S. (2.5)' | font_size=7.0
_cargar_datos_tabla | E3 | valor='FVR' | font_size=7.0
_cargar_datos_tabla | F3 | valor='E.V.U.' | font_size=7.0
_cargar_datos_tabla | G3 | valor='C.S. (1.2)' | font_size=7.0
_cargar_datos_tabla | H3 | valor='FVR (2)' | font_size=7.0
_cargar_datos_tabla | I3 | valor='E.V.U. (2)' | font_size=7.0
_cargar_datos_tabla | J3 | valor='C.S. (1.2) (2)' | font_size=7.0
_cargar_datos_tabla | A4 | valor='EPP 001' | font_size=7.0
_cargar_datos_tabla | B4 | valor=272.8437 | font_size=7.0
_cargar_datos_tabla | C4 | valor=1324 | font_size=7.0
_cargar_datos_tabla | D4 | valor=4.8526 | font_size=7.0
_cargar_datos_tabla | E4 | valor=600 | font_size=7.0
_cargar_datos_tabla | F4 | valor=3616 | font_size=7.0
_cargar_datos_tabla | G4 | valor=6.0267 | font_size=7.0
_cargar_datos_tabla | H4 | valor=600 | font_size=7.0
_cargar_datos_tabla | I4 | valor=3616 | font_size=7.0
_cargar_datos_tabla | J4 | valor=6.0267 | font_size=7.0
_cargar_datos_tabla | A5 | valor='EPP 002' | font_size=7.0
_cargar_datos_tabla | B5 | valor=174.7798 | font_size=7.0
_cargar_datos_tabla | C5 | valor=1030 | font_size=7.0
_cargar_datos_tabla | D5 | valor=5.8931 | font_size=7.0
_cargar_datos_tabla | E5 | valor=81.4837 | font_size=7.0
_cargar_datos_tabla | F5 | valor=2835 | font_size=7.0
_cargar_datos_tabla | G5 | valor=34.7922 | font_size=7.0
_cargar_datos_tabla | H5 | valor=0 | font_size=7.0
_cargar_datos_tabla | I5 | valor=2835 | font_size=7.0
_cargar_datos_tabla | A6 | valor='EPP 003' | font_size=7.0
_cargar_datos_tabla | B6 | valor=88.1141 | font_size=7.0
_cargar_datos_tabla | C6 | valor=1030 | font_size=7.0
_cargar_datos_tabla | D6 | valor=11.6894 | font_size=7.0
_cargar_datos_tabla | E6 | valor=86.9278 | font_size=7.0
_cargar_datos_tabla | F6 | valor=2835 | font_size=7.0
_cargar_datos_tabla | G6 | valor=32.6133 | font_size=7.0
_cargar_datos_tabla | H6 | valor=0 | font_size=7.0
_cargar_datos_tabla | I6 | valor=2835 | font_size=7.0
_cargar_datos_tabla | A7 | valor='EPP 004' | font_size=7.0
_cargar_datos_tabla | B7 | valor=198.9368 | font_size=7.0
_cargar_datos_tabla | C7 | valor=1324 | font_size=7.0
_cargar_datos_tabla | D7 | valor=6.6554 | font_size=7.0
_cargar_datos_tabla | E7 | valor=27.5679 | font_size=7.0
_cargar_datos_tabla | F7 | valor=3616 | font_size=7.0
_cargar_datos_tabla | G7 | valor=131.1672 | font_size=7.0
_cargar_datos_tabla | H7 | valor=0 | font_size=7.0
_cargar_datos_tabla | I7 | valor=3616 | font_size=7.0
_cargar_datos_tabla | A1 | valor='ANÁLISIS HIPÓTESIS ANORMALES' | font_size=7.0
_cargar_datos_tabla | B2 | valor='Esfuerzo horizontal longitudinal por 50% de desequilibrio de tracciones' | font_size=7.0
_cargar_datos_tabla | E2 | valor='Momento Torsor por Rotura de un Conductor' | font_size=7.0
_cargar_datos_tabla | H2 | valor='Esfuerzo Vertical Total' | font_size=7.0
_cargar_datos_tabla | A3 | valor='Numero de apoyo' | font_size=7.0
_cargar_datos_tabla | B3 | valor='Fl' | font_size=7.0
_cargar_datos_tabla | C3 | valor='C.R.' | font_size=7.0
_cargar_datos_tabla | D3 | valor='C.S. (1.5)' | font_size=7.0
_cargar_datos_tabla | E3 | valor='Mr' | font_size=7.0
_cargar_datos_tabla | F3 | valor='Mut' | font_size=7.0
_cargar_datos_tabla | G3 | valor='Cs' | font_size=7.0
_cargar_datos_tabla | H3 | valor='Fv' | font_size=7.0
_cargar_datos_tabla | I3 | valor='E.V.U.' | font_size=7.0
_cargar_datos_tabla | J3 | valor='C.S. (1.2)' | font_size=7.0
_cargar_datos_tabla | A4 | valor='EPP 001' | font_size=7.0
_cargar_datos_tabla | B4 | valor=70.2454 | font_size=7.0
_cargar_datos_tabla | C4 | valor=1324 | font_size=7.0
_cargar_datos_tabla | D4 | valor=18.8482 | font_size=7.0
_cargar_datos_tabla | E4 | valor=157.3498 | font_size=7.0
_cargar_datos_tabla | F4 | valor=1079 | font_size=7.0
_cargar_datos_tabla | G4 | valor=6.8573 | font_size=7.0
_cargar_datos_tabla | H4 | valor=600 | font_size=7.0
_cargar_datos_tabla | I4 | valor=3616 | font_size=7.0
_cargar_datos_tabla | J4 | valor=6.0267 | font_size=7.0
_cargar_datos_tabla | A5 | valor='EPP 002' | font_size=7.0
_cargar_datos_tabla | B5 | valor=0 | font_size=7.0
_cargar_datos_tabla | C5 | valor=1030 | font_size=7.0
_cargar_datos_tabla | E5 | valor=0 | font_size=7.0
_cargar_datos_tabla | F5 | valor=891 | font_size=7.0
_cargar_datos_tabla | H5 | valor=81.4837 | font_size=7.0
_cargar_datos_tabla | I5 | valor=2835 | font_size=7.0
_cargar_datos_tabla | J5 | valor=34.7922 | font_size=7.0
_cargar_datos_tabla | A6 | valor='EPP 003' | font_size=7.0
_cargar_datos_tabla | B6 | valor=0 | font_size=7.0
_cargar_datos_tabla | C6 | valor=1030 | font_size=7.0
_cargar_datos_tabla | E6 | valor=0 | font_size=7.0
_cargar_datos_tabla | F6 | valor=891 | font_size=7.0
_cargar_datos_tabla | H6 | valor=86.9278 | font_size=7.0
_cargar_datos_tabla | I6 | valor=2835 | font_size=7.0
_cargar_datos_tabla | J6 | valor=32.6133 | font_size=7.0
_cargar_datos_tabla | A7 | valor='EPP 004' | font_size=7.0
_cargar_datos_tabla | B7 | valor=87.1953 | font_size=7.0
_cargar_datos_tabla | C7 | valor=1324 | font_size=7.0
_cargar_datos_tabla | D7 | valor=15.1843 | font_size=7.0
_cargar_datos_tabla | E7 | valor=195.3176 | font_size=7.0
_cargar_datos_tabla | F7 | valor=1079 | font_size=7.0
_cargar_datos_tabla | G7 | valor=5.5243 | font_size=7.0
_cargar_datos_tabla | H7 | valor=27.5679 | font_size=7.0
_cargar_datos_tabla | I7 | valor=3616 | font_size=7.0
_cargar_datos_tabla | J7 | valor=131.1672 | font_size=7.0
_cargar_datos_tabla | A1 | valor='INFORMACIÓN DEL APOYO' | font_size=7.0
_cargar_datos_tabla | A2 | valor='Numero de apoyo' | font_size=7.0
_cargar_datos_tabla | B2 | valor='Tipo de poste' | font_size=7.0
_cargar_datos_tabla | C2 | valor='Angulo de deflexion de la linea' | font_size=7.0
_cargar_datos_tabla | D2 | valor='Armado' | font_size=7.0
_cargar_datos_tabla | E2 | valor='Vano anterior' | font_size=7.0
_cargar_datos_tabla | F2 | valor='Fuerza horizontal Fh (daN)' | font_size=7.0
_cargar_datos_tabla | G2 | valor='Fuerza Residual Fres (daN)' | font_size=7.0
_cargar_datos_tabla | H2 | valor='Fuerza vertical por retenida Fvert (daN)' | font_size=7.0
_cargar_datos_tabla | A3 | valor='EPP 001' | font_size=7.0
_cargar_datos_tabla | B3 | valor='PH 12/1324 daN' | font_size=7.0
_cargar_datos_tabla | C3 | valor=0 | font_size=7.0
_cargar_datos_tabla | D3 | valor='MT331-1' | font_size=7.0
_cargar_datos_tabla | E3 | valor=18.1467 | font_size=7.0
_cargar_datos_tabla | F3 | valor=272.8437 | font_size=7.0
_cargar_datos_tabla | G3 | valor=32.7412 | font_size=7.0
_cargar_datos_tabla | H3 | valor=411.994 | font_size=7.0
_cargar_datos_tabla | A4 | valor='EPP 002' | font_size=7.0
_cargar_datos_tabla | B4 | valor='PH 12/1030 daN' | font_size=7.0
_cargar_datos_tabla | C4 | valor=0 | font_size=7.0
_cargar_datos_tabla | D4 | valor='MT332-1' | font_size=7.0
_cargar_datos_tabla | E4 | valor=45.1767 | font_size=7.0
_cargar_datos_tabla | F4 | valor=174.7798 | font_size=7.0
_cargar_datos_tabla | G4 | valor=20.9736 | font_size=7.0
_cargar_datos_tabla | H4 | valor=263.9175 | font_size=7.0
_cargar_datos_tabla | A5 | valor='EPP 003' | font_size=7.0
_cargar_datos_tabla | B5 | valor='PH 12/1030 daN' | font_size=7.0
_cargar_datos_tabla | C5 | valor=0 | font_size=7.0
_cargar_datos_tabla | D5 | valor='MT333-1' | font_size=7.0
_cargar_datos_tabla | E5 | valor=0 | font_size=7.0
_cargar_datos_tabla | F5 | valor=88.1141 | font_size=7.0
_cargar_datos_tabla | A6 | valor='EPP 004' | font_size=7.0
_cargar_datos_tabla | B6 | valor='PH 12/1324 daN' | font_size=7.0
_cargar_datos_tabla | C6 | valor=48.4115 | font_size=7.0
_cargar_datos_tabla | D6 | valor='MT534-1' | font_size=7.0
_cargar_datos_tabla | E6 | valor=8.8028 | font_size=7.0
_cargar_datos_tabla | F6 | valor=198.9368 | font_size=7.0
_cargar_datos_tabla | G6 | valor=23.8724 | font_size=7.0
_cargar_datos_tabla | H6 | valor=300.3946 | font_size=7.0
_cargar_datos_tabla | B1 | valor='Validación del poste a\ncompresión' | font_size=7.0
_cargar_datos_tabla | E1 | valor='Validación del Cable de la Retenida' | font_size=7.0
_cargar_datos_tabla | H1 | valor='Validación del poste por\nfuerza residual' | font_size=7.0
_cargar_datos_tabla | A2 | valor='Numero de apoyo' | font_size=7.0
_cargar_datos_tabla | B2 | valor='Fuerza vertical total (daN)' | font_size=7.0
_cargar_datos_tabla | C2 | valor='Capacidad vertical del poste (daN)' | font_size=7.0
_cargar_datos_tabla | D2 | valor='C.S. (1.2)' | font_size=7.0
_cargar_datos_tabla | E2 | valor='Tracción total cable ret.(daN)' | font_size=7.0
_cargar_datos_tabla | F2 | valor='Carga rotura cable ret. (daN)' | font_size=7.0
_cargar_datos_tabla | G2 | valor='C.S. (1.5)' | font_size=7.0
_cargar_datos_tabla | H2 | valor='Fuerza Total Horiz. Resultante (daN)' | font_size=7.0
_cargar_datos_tabla | I2 | valor='Carga de rotura del poste (daN)' | font_size=7.0
_cargar_datos_tabla | J2 | valor='C.S. (2.5)' | font_size=7.0
_cargar_datos_tabla | A3 | valor='EPP 001' | font_size=7.0
_cargar_datos_tabla | B3 | valor=1011.994 | font_size=7.0
_cargar_datos_tabla | C3 | valor=7824 | font_size=7.0
_cargar_datos_tabla | D3 | valor=7.7313 | font_size=7.0
_cargar_datos_tabla | E3 | valor=716.2147 | font_size=7.0
_cargar_datos_tabla | F3 | valor=11960 | font_size=7.0
_cargar_datos_tabla | G3 | valor=16.6989 | font_size=7.0
_cargar_datos_tabla | H3 | valor=191.7239 | font_size=7.0
_cargar_datos_tabla | I3 | valor=1324 | font_size=7.0
_cargar_datos_tabla | J3 | valor=6.9058 | font_size=7.0
_cargar_datos_tabla | A4 | valor='EPP 002' | font_size=7.0
_cargar_datos_tabla | B4 | valor=345.4012 | font_size=7.0
_cargar_datos_tabla | C4 | valor=6102 | font_size=7.0
_cargar_datos_tabla | D4 | valor=17.6664 | font_size=7.0
_cargar_datos_tabla | E4 | valor=458.7969 | font_size=7.0
_cargar_datos_tabla | F4 | valor=11960 | font_size=7.0
_cargar_datos_tabla | G4 | valor=26.0682 | font_size=7.0
_cargar_datos_tabla | H4 | valor=124.3436 | font_size=7.0
_cargar_datos_tabla | I4 | valor=1030 | font_size=7.0
_cargar_datos_tabla | J4 | valor=8.2835 | font_size=7.0
_cargar_datos_tabla | A5 | valor='EPP 003' | font_size=7.0
_cargar_datos_tabla | C5 | valor=6102 | font_size=7.0
_cargar_datos_tabla | I5 | valor=1030 | font_size=7.0
_cargar_datos_tabla | A6 | valor='EPP 004' | font_size=7.0
_cargar_datos_tabla | B6 | valor=327.9624 | font_size=7.0
_cargar_datos_tabla | C6 | valor=7824 | font_size=7.0
_cargar_datos_tabla | D6 | valor=23.8564 | font_size=7.0
_cargar_datos_tabla | E6 | valor=522.2091 | font_size=7.0
_cargar_datos_tabla | F6 | valor=11960 | font_size=7.0
_cargar_datos_tabla | G6 | valor=22.9027 | font_size=7.0
_cargar_datos_tabla | H6 | valor=101.2044 | font_size=7.0
_cargar_datos_tabla | I6 | valor=1324 | font_size=7.0
_cargar_datos_tabla | J6 | valor=13.0824 | font_size=7.0
_cargar_datos_tabla | C1 | valor='TIPO DE RETENIDA' | font_size=7.0
_cargar_datos_tabla | F1 | valor='Pretensionado de la Retenida (daN)' | font_size=7.0
_cargar_datos_tabla | G1 | valor='Validación del Ancla al tense de la Retenida' | font_size=7.0
_cargar_datos_tabla | B2 | valor='Numero de apoyo' | font_size=7.0
_cargar_datos_tabla | C2 | valor='Tipo de Retenidas' | font_size=7.0
_cargar_datos_tabla | D2 | valor='Configuracion de la Retenida' | font_size=7.0
_cargar_datos_tabla | E2 | valor='Cable de la Retenida' | font_size=7.0
_cargar_datos_tabla | F2 | valor='Pretensionado de la Retenida (daN)' | font_size=7.0
_cargar_datos_tabla | G2 | valor='Fuerza Total  (daN)' | font_size=7.0
_cargar_datos_tabla | H2 | valor='Fuerza maxima del Ancla (daN)' | font_size=7.0
_cargar_datos_tabla | I2 | valor='C.S. (1,2)' | font_size=7.0
_cargar_datos_tabla | B3 | valor='EPP 001' | font_size=7.0
_cargar_datos_tabla | C3 | valor='Bisectora' | font_size=7.0
_cargar_datos_tabla | D3 | valor='RT003' | font_size=7.0
_cargar_datos_tabla | E3 | valor='1/2' | font_size=7.0
_cargar_datos_tabla | F3 | valor=993.7175 | font_size=7.0
_cargar_datos_tabla | G3 | valor=716.2147 | font_size=7.0
_cargar_datos_tabla | H3 | valor=8160 | font_size=7.0
_cargar_datos_tabla | I3 | valor=16.6989 | font_size=7.0
_cargar_datos_tabla | B4 | valor='EPP 002' | font_size=7.0
_cargar_datos_tabla | C4 | valor='Bisectora' | font_size=7.0
_cargar_datos_tabla | D4 | valor='RT003' | font_size=7.0
_cargar_datos_tabla | E4 | valor='1/2' | font_size=7.0
_cargar_datos_tabla | F4 | valor=782.0529 | font_size=7.0
_cargar_datos_tabla | G4 | valor=458.7969 | font_size=7.0
_cargar_datos_tabla | H4 | valor=8160 | font_size=7.0
_cargar_datos_tabla | I4 | valor=26.0682 | font_size=7.0
_cargar_datos_tabla | B5 | valor='EPP 003' | font_size=7.0
_cargar_datos_tabla | B6 | valor='EPP 004' | font_size=7.0
_cargar_datos_tabla | C6 | valor='Bisectora' | font_size=7.0
_cargar_datos_tabla | D6 | valor='RT003' | font_size=7.0
_cargar_datos_tabla | E6 | valor='1/2' | font_size=7.0
_cargar_datos_tabla | F6 | valor=1717.5885 | font_size=7.0
_cargar_datos_tabla | G6 | valor=522.2091 | font_size=7.0
_cargar_datos_tabla | H6 | valor=8160 | font_size=7.0
_cargar_datos_tabla | I6 | valor=22.9027 | font_size=7.0
_cargar_datos_tabla | A1 | valor='Numero de apoyo' | font_size=7.0
_cargar_datos_tabla | B1 | valor='a (base Mayor)' | font_size=7.0
_cargar_datos_tabla | C1 | valor='b (altura)' | font_size=7.0
_cargar_datos_tabla | D1 | valor='c (Base menor)' | font_size=7.0
_cargar_datos_tabla | E1 | valor='Y (profundidad)' | font_size=7.0
_cargar_datos_tabla | A2 | valor='EPP 001' | font_size=7.0
_cargar_datos_tabla | B2 | valor=0.4 | font_size=7.0
_cargar_datos_tabla | C2 | valor=0.25 | font_size=7.0
_cargar_datos_tabla | D2 | valor=0.3 | font_size=7.0
_cargar_datos_tabla | E2 | valor=1.88 | font_size=7.0
_cargar_datos_tabla | A3 | valor='EPP 002' | font_size=7.0
_cargar_datos_tabla | B3 | valor=0.4 | font_size=7.0
_cargar_datos_tabla | C3 | valor=0.25 | font_size=7.0
_cargar_datos_tabla | D3 | valor=0.3 | font_size=7.0
_cargar_datos_tabla | E3 | valor=1.88 | font_size=7.0
_cargar_datos_tabla | A4 | valor='EPP 003' | font_size=7.0
_cargar_datos_tabla | A5 | valor='EPP 004' | font_size=7.0
_cargar_datos_tabla | B5 | valor=0.4 | font_size=7.0
_cargar_datos_tabla | C5 | valor=0.25 | font_size=7.0
_cargar_datos_tabla | D5 | valor=0.3 | font_size=7.0
_cargar_datos_tabla | E5 | valor=1.88 | font_size=7.0
_cargar_datos_tabla | A1 | valor='Conductor' | font_size=9.0
_cargar_datos_tabla | C1 | valor='AAAC 246,9 kcmil' | font_size=9.0
_cargar_datos_tabla | A2 | valor='Cantón' | font_size=9.0
_cargar_datos_tabla | C2 | valor=1 | font_size=9.0
_cargar_datos_tabla | D2 | valor='Poste Inicial' | font_size=9.0
_cargar_datos_tabla | E2 | valor='EPP 003' | font_size=9.0
_cargar_datos_tabla | A3 | valor='Vano de Regulación' | font_size=9.0
_cargar_datos_tabla | C3 | valor=41.5052 | font_size=9.0
_cargar_datos_tabla | D3 | valor='Poste Final' | font_size=9.0
_cargar_datos_tabla | E3 | valor='EPP 004' | font_size=9.0
_cargar_datos_tabla | A4 | valor='Vano' | font_size=9.0
_cargar_datos_tabla | C4 | valor=1 | font_size=9.0
_cargar_datos_tabla | D4 | valor=2 | font_size=9.0
_cargar_datos_tabla | A5 | valor='Longitud (m)' | font_size=9.0
_cargar_datos_tabla | C5 | valor=45.1767 | font_size=9.0
_cargar_datos_tabla | D5 | valor=8.8028 | font_size=9.0
_cargar_datos_tabla | A6 | valor='Poste inicial' | font_size=9.0
_cargar_datos_tabla | C6 | valor='EPP 003' | font_size=9.0
_cargar_datos_tabla | D6 | valor='EPP 002' | font_size=9.0
_cargar_datos_tabla | A7 | valor='Poste final' | font_size=9.0
_cargar_datos_tabla | C7 | valor='EPP 002' | font_size=9.0
_cargar_datos_tabla | D7 | valor='EPP 004' | font_size=9.0
_cargar_datos_tabla | A8 | valor='Desnivel' | font_size=9.0
_cargar_datos_tabla | C8 | valor=1.5113 | font_size=9.0
_cargar_datos_tabla | D8 | valor=0.172 | font_size=9.0
_cargar_datos_tabla | A9 | valor='Temperatura (°C)' | font_size=9.0
_cargar_datos_tabla | B9 | valor='Tiro (daN)' | font_size=9.0
_cargar_datos_tabla | C9 | valor='f2(m)' | font_size=9.0
_cargar_datos_tabla | D9 | valor='f3(m)' | font_size=9.0
_cargar_datos_tabla | A10 | valor=13 | font_size=9.0
_cargar_datos_tabla | B10 | valor=38.9133 | font_size=9.0
_cargar_datos_tabla | C10 | valor=2.2149 | font_size=9.0
_cargar_datos_tabla | D10 | valor=0.0841 | font_size=9.0
_cargar_datos_tabla | A11 | valor=14 | font_size=9.0
_cargar_datos_tabla | B11 | valor=38.8364 | font_size=9.0
_cargar_datos_tabla | C11 | valor=2.2193 | font_size=9.0
_cargar_datos_tabla | D11 | valor=0.0842 | font_size=9.0
_cargar_datos_tabla | A12 | valor=15 | font_size=9.0
_cargar_datos_tabla | B12 | valor=38.7599 | font_size=9.0
_cargar_datos_tabla | C12 | valor=2.2237 | font_size=9.0
_cargar_datos_tabla | D12 | valor=0.0844 | font_size=9.0
_cargar_datos_tabla | A13 | valor=16 | font_size=9.0
_cargar_datos_tabla | B13 | valor=38.6838 | font_size=9.0
_cargar_datos_tabla | C13 | valor=2.2281 | font_size=9.0
_cargar_datos_tabla | D13 | valor=0.0846 | font_size=9.0
_cargar_datos_tabla | A14 | valor=17 | font_size=9.0
_cargar_datos_tabla | B14 | valor=38.6082 | font_size=9.0
_cargar_datos_tabla | C14 | valor=2.2325 | font_size=9.0
_cargar_datos_tabla | D14 | valor=0.0847 | font_size=9.0
_cargar_datos_tabla | A15 | valor=18 | font_size=9.0
_cargar_datos_tabla | B15 | valor=38.533 | font_size=9.0
_cargar_datos_tabla | C15 | valor=2.2369 | font_size=9.0
_cargar_datos_tabla | D15 | valor=0.0849 | font_size=9.0
_cargar_datos_tabla | A16 | valor=19 | font_size=9.0
_cargar_datos_tabla | B16 | valor=38.4583 | font_size=9.0
_cargar_datos_tabla | C16 | valor=2.2413 | font_size=9.0
_cargar_datos_tabla | D16 | valor=0.0851 | font_size=9.0
_cargar_datos_tabla | A17 | valor=20 | font_size=9.0
_cargar_datos_tabla | B17 | valor=38.384 | font_size=9.0
_cargar_datos_tabla | C17 | valor=2.2457 | font_size=9.0
_cargar_datos_tabla | D17 | valor=0.0852 | font_size=9.0
_cargar_datos_tabla | A18 | valor=21 | font_size=9.0
_cargar_datos_tabla | B18 | valor=38.3101 | font_size=9.0
_cargar_datos_tabla | C18 | valor=2.25 | font_size=9.0
_cargar_datos_tabla | D18 | valor=0.0854 | font_size=9.0
_cargar_datos_tabla | A19 | valor=22 | font_size=9.0
_cargar_datos_tabla | B19 | valor=38.2367 | font_size=9.0
_cargar_datos_tabla | C19 | valor=2.2544 | font_size=9.0
_cargar_datos_tabla | D19 | valor=0.0855 | font_size=9.0
_cargar_datos_tabla | A20 | valor=23 | font_size=9.0
_cargar_datos_tabla | B20 | valor=38.1636 | font_size=9.0
_cargar_datos_tabla | C20 | valor=2.2587 | font_size=9.0
_cargar_datos_tabla | D20 | valor=0.0857 | font_size=9.0
_cargar_datos_tabla | A21 | valor=24 | font_size=9.0
_cargar_datos_tabla | B21 | valor=38.091 | font_size=9.0
_cargar_datos_tabla | C21 | valor=2.263 | font_size=9.0
_cargar_datos_tabla | D21 | valor=0.0859 | font_size=9.0
_cargar_datos_tabla | A22 | valor=25 | font_size=9.0
_cargar_datos_tabla | B22 | valor=38.0188 | font_size=9.0
_cargar_datos_tabla | C22 | valor=2.2674 | font_size=9.0
_cargar_datos_tabla | D22 | valor=0.086 | font_size=9.0
_cargar_datos_tabla | A23 | valor=26 | font_size=9.0
_cargar_datos_tabla | B23 | valor=37.947 | font_size=9.0
_cargar_datos_tabla | C23 | valor=2.2717 | font_size=9.0
_cargar_datos_tabla | D23 | valor=0.0862 | font_size=9.0
_cargar_datos_tabla | A24 | valor=27 | font_size=9.0
_cargar_datos_tabla | B24 | valor=37.8756 | font_size=9.0
_cargar_datos_tabla | C24 | valor=2.276 | font_size=9.0
_cargar_datos_tabla | D24 | valor=0.0864 | font_size=9.0
_cargar_datos_tabla | A25 | valor=28 | font_size=9.0
_cargar_datos_tabla | B25 | valor=37.8046 | font_size=9.0
_cargar_datos_tabla | C25 | valor=2.2803 | font_size=9.0
_cargar_datos_tabla | D25 | valor=0.0865 | font_size=9.0
_cargar_datos_tabla | A26 | valor=29 | font_size=9.0
_cargar_datos_tabla | B26 | valor=37.734 | font_size=9.0
_cargar_datos_tabla | C26 | valor=2.2846 | font_size=9.0
_cargar_datos_tabla | D26 | valor=0.0867 | font_size=9.0
_cargar_datos_tabla | A27 | valor=30 | font_size=9.0
_cargar_datos_tabla | B27 | valor=37.6638 | font_size=9.0
_cargar_datos_tabla | C27 | valor=2.2889 | font_size=9.0
_cargar_datos_tabla | D27 | valor=0.0868 | font_size=9.0
_cargar_datos_tabla | A28 | valor=31 | font_size=9.0
_cargar_datos_tabla | B28 | valor=37.594 | font_size=9.0
_cargar_datos_tabla | C28 | valor=2.2932 | font_size=9.0
_cargar_datos_tabla | D28 | valor=0.087 | font_size=9.0
_cargar_datos_tabla | A29 | valor=32 | font_size=9.0
_cargar_datos_tabla | B29 | valor=37.5246 | font_size=9.0
_cargar_datos_tabla | C29 | valor=2.2974 | font_size=9.0
_cargar_datos_tabla | D29 | valor=0.0872 | font_size=9.0
_cargar_datos_tabla | A30 | valor=33 | font_size=9.0
_cargar_datos_tabla | B30 | valor=37.4556 | font_size=9.0
_cargar_datos_tabla | C30 | valor=2.3017 | font_size=9.0
_cargar_datos_tabla | D30 | valor=0.0873 | font_size=9.0
_cargar_datos_tabla | A31 | valor=34 | font_size=9.0
_cargar_datos_tabla | B31 | valor=37.3869 | font_size=9.0
_cargar_datos_tabla | C31 | valor=2.306 | font_size=9.0
_cargar_datos_tabla | D31 | valor=0.0875 | font_size=9.0
_cargar_datos_tabla | A32 | valor=35 | font_size=9.0
_cargar_datos_tabla | B32 | valor=37.3186 | font_size=9.0
_cargar_datos_tabla | C32 | valor=2.3102 | font_size=9.0
_cargar_datos_tabla | D32 | valor=0.0877 | font_size=9.0
_cargar_datos_tabla | A33 | valor=36 | font_size=9.0
_cargar_datos_tabla | B33 | valor=37.2507 | font_size=9.0
_cargar_datos_tabla | C33 | valor=2.3144 | font_size=9.0
_cargar_datos_tabla | D33 | valor=0.0878 | font_size=9.0
_cargar_datos_tabla | A34 | valor=37 | font_size=9.0
_cargar_datos_tabla | B34 | valor=37.1832 | font_size=9.0
_cargar_datos_tabla | C34 | valor=2.3187 | font_size=9.0
_cargar_datos_tabla | D34 | valor=0.088 | font_size=9.0
_cargar_datos_tabla | A35 | valor=38 | font_size=9.0
_cargar_datos_tabla | B35 | valor=37.116 | font_size=9.0
_cargar_datos_tabla | C35 | valor=2.3229 | font_size=9.0
_cargar_datos_tabla | D35 | valor=0.0881 | font_size=9.0
_cargar_datos_tabla | A36 | valor=39 | font_size=9.0
_cargar_datos_tabla | B36 | valor=37.0492 | font_size=9.0
_cargar_datos_tabla | C36 | valor=2.3271 | font_size=9.0
_cargar_datos_tabla | D36 | valor=0.0883 | font_size=9.0
_cargar_datos_tabla | A37 | valor=40 | font_size=9.0
_cargar_datos_tabla | B37 | valor=36.9827 | font_size=9.0
_cargar_datos_tabla | C37 | valor=2.3313 | font_size=9.0
_cargar_datos_tabla | D37 | valor=0.0884 | font_size=9.0
_cargar_datos_tabla | A38 | valor=41 | font_size=9.0
_cargar_datos_tabla | B38 | valor=36.9166 | font_size=9.0
_cargar_datos_tabla | C38 | valor=2.3355 | font_size=9.0
_cargar_datos_tabla | D38 | valor=0.0886 | font_size=9.0
_cargar_datos_tabla | A39 | valor=42 | font_size=9.0
_cargar_datos_tabla | B39 | valor=36.8509 | font_size=9.0
_cargar_datos_tabla | C39 | valor=2.3397 | font_size=9.0
_cargar_datos_tabla | D39 | valor=0.0888 | font_size=9.0
_cargar_datos_tabla | A40 | valor=43 | font_size=9.0
_cargar_datos_tabla | B40 | valor=36.7855 | font_size=9.0
_cargar_datos_tabla | C40 | valor=2.3439 | font_size=9.0
_cargar_datos_tabla | D40 | valor=0.0889 | font_size=9.0
_cargar_datos_tabla | A1 | valor='Conductor' | font_size=9.0
_cargar_datos_tabla | C1 | valor='AAAC 246,9 kcmil' | font_size=9.0
_cargar_datos_tabla | A2 | valor='Cantón' | font_size=9.0
_cargar_datos_tabla | C2 | valor=2 | font_size=9.0
_cargar_datos_tabla | D2 | valor='Poste Inicial' | font_size=9.0
_cargar_datos_tabla | E2 | valor='EPP 002' | font_size=9.0
_cargar_datos_tabla | A3 | valor='Vano de Regulación' | font_size=9.0
_cargar_datos_tabla | C3 | valor=18.1742 | font_size=9.0
_cargar_datos_tabla | D3 | valor='Poste Final' | font_size=9.0
_cargar_datos_tabla | E3 | valor='EPP 001' | font_size=9.0
_cargar_datos_tabla | A4 | valor='Vano' | font_size=9.0
_cargar_datos_tabla | C4 | valor=1 | font_size=9.0
_cargar_datos_tabla | A5 | valor='Longitud (m)' | font_size=9.0
_cargar_datos_tabla | C5 | valor=18.1467 | font_size=9.0
_cargar_datos_tabla | A6 | valor='Poste inicial' | font_size=9.0
_cargar_datos_tabla | C6 | valor='EPP 002' | font_size=9.0
_cargar_datos_tabla | A7 | valor='Poste final' | font_size=9.0
_cargar_datos_tabla | C7 | valor='EPP 001' | font_size=9.0
_cargar_datos_tabla | A8 | valor='Desnivel' | font_size=9.0
_cargar_datos_tabla | C8 | valor=-1 | font_size=9.0
_cargar_datos_tabla | A9 | valor='Temperatura (°C)' | font_size=9.0
_cargar_datos_tabla | B9 | valor='Tiro (daN)' | font_size=9.0
_cargar_datos_tabla | C9 | valor='f4(m)' | font_size=9.0
_cargar_datos_tabla | A10 | valor=13 | font_size=9.0
_cargar_datos_tabla | B10 | valor=92.4176 | font_size=9.0
_cargar_datos_tabla | C10 | valor=0.1504 | font_size=9.0
_cargar_datos_tabla | A11 | valor=14 | font_size=9.0
_cargar_datos_tabla | B11 | valor=88.2125 | font_size=9.0
_cargar_datos_tabla | C11 | valor=0.1576 | font_size=9.0
_cargar_datos_tabla | A12 | valor=15 | font_size=9.0
_cargar_datos_tabla | B12 | valor=84.4292 | font_size=9.0
_cargar_datos_tabla | C12 | valor=0.1646 | font_size=9.0
_cargar_datos_tabla | A13 | valor=16 | font_size=9.0
_cargar_datos_tabla | B13 | valor=81.0139 | font_size=9.0
_cargar_datos_tabla | C13 | valor=0.1716 | font_size=9.0
_cargar_datos_tabla | A14 | valor=17 | font_size=9.0
_cargar_datos_tabla | B14 | valor=77.9198 | font_size=9.0
_cargar_datos_tabla | C14 | valor=0.1784 | font_size=9.0
_cargar_datos_tabla | A15 | valor=18 | font_size=9.0
_cargar_datos_tabla | B15 | valor=75.1062 | font_size=9.0
_cargar_datos_tabla | C15 | valor=0.1851 | font_size=9.0
_cargar_datos_tabla | A16 | valor=19 | font_size=9.0
_cargar_datos_tabla | B16 | valor=72.5384 | font_size=9.0
_cargar_datos_tabla | C16 | valor=0.1916 | font_size=9.0
_cargar_datos_tabla | A17 | valor=20 | font_size=9.0
_cargar_datos_tabla | B17 | valor=70.1865 | font_size=9.0
_cargar_datos_tabla | C17 | valor=0.1981 | font_size=9.0
_cargar_datos_tabla | A18 | valor=21 | font_size=9.0
_cargar_datos_tabla | B18 | valor=68.0249 | font_size=9.0
_cargar_datos_tabla | C18 | valor=0.2044 | font_size=9.0
_cargar_datos_tabla | A19 | valor=22 | font_size=9.0
_cargar_datos_tabla | B19 | valor=66.0315 | font_size=9.0
_cargar_datos_tabla | C19 | valor=0.2105 | font_size=9.0
_cargar_datos_tabla | A20 | valor=23 | font_size=9.0
_cargar_datos_tabla | B20 | valor=64.1875 | font_size=9.0
_cargar_datos_tabla | C20 | valor=0.2166 | font_size=9.0
_cargar_datos_tabla | A21 | valor=24 | font_size=9.0
_cargar_datos_tabla | B21 | valor=62.4766 | font_size=9.0
_cargar_datos_tabla | C21 | valor=0.2225 | font_size=9.0
_cargar_datos_tabla | A22 | valor=25 | font_size=9.0
_cargar_datos_tabla | B22 | valor=60.8845 | font_size=9.0
_cargar_datos_tabla | C22 | valor=0.2283 | font_size=9.0
_cargar_datos_tabla | A23 | valor=26 | font_size=9.0
_cargar_datos_tabla | B23 | valor=59.3991 | font_size=9.0
_cargar_datos_tabla | C23 | valor=0.234 | font_size=9.0
_cargar_datos_tabla | A24 | valor=27 | font_size=9.0
_cargar_datos_tabla | B24 | valor=58.0097 | font_size=9.0
_cargar_datos_tabla | C24 | valor=0.2397 | font_size=9.0
_cargar_datos_tabla | A25 | valor=28 | font_size=9.0
_cargar_datos_tabla | B25 | valor=56.707 | font_size=9.0
_cargar_datos_tabla | C25 | valor=0.2452 | font_size=9.0
_cargar_datos_tabla | A26 | valor=29 | font_size=9.0
_cargar_datos_tabla | B26 | valor=55.4827 | font_size=9.0
_cargar_datos_tabla | C26 | valor=0.2506 | font_size=9.0
_cargar_datos_tabla | A27 | valor=30 | font_size=9.0
_cargar_datos_tabla | B27 | valor=54.3298 | font_size=9.0
_cargar_datos_tabla | C27 | valor=0.2559 | font_size=9.0
_cargar_datos_tabla | A28 | valor=31 | font_size=9.0
_cargar_datos_tabla | B28 | valor=53.2419 | font_size=9.0
_cargar_datos_tabla | C28 | valor=0.2611 | font_size=9.0
_cargar_datos_tabla | A29 | valor=32 | font_size=9.0
_cargar_datos_tabla | B29 | valor=52.2134 | font_size=9.0
_cargar_datos_tabla | C29 | valor=0.2663 | font_size=9.0
_cargar_datos_tabla | A30 | valor=33 | font_size=9.0
_cargar_datos_tabla | B30 | valor=51.2393 | font_size=9.0
_cargar_datos_tabla | C30 | valor=0.2713 | font_size=9.0
_cargar_datos_tabla | A31 | valor=34 | font_size=9.0
_cargar_datos_tabla | B31 | valor=50.3151 | font_size=9.0
_cargar_datos_tabla | C31 | valor=0.2763 | font_size=9.0
_cargar_datos_tabla | A32 | valor=35 | font_size=9.0
_cargar_datos_tabla | B32 | valor=49.4369 | font_size=9.0
_cargar_datos_tabla | C32 | valor=0.2812 | font_size=9.0
_cargar_datos_tabla | A33 | valor=36 | font_size=9.0
_cargar_datos_tabla | B33 | valor=48.6012 | font_size=9.0
_cargar_datos_tabla | C33 | valor=0.2861 | font_size=9.0
_cargar_datos_tabla | A34 | valor=37 | font_size=9.0
_cargar_datos_tabla | B34 | valor=47.8047 | font_size=9.0
_cargar_datos_tabla | C34 | valor=0.2908 | font_size=9.0
_cargar_datos_tabla | A35 | valor=38 | font_size=9.0
_cargar_datos_tabla | B35 | valor=47.0446 | font_size=9.0
_cargar_datos_tabla | C35 | valor=0.2955 | font_size=9.0
_cargar_datos_tabla | A36 | valor=39 | font_size=9.0
_cargar_datos_tabla | B36 | valor=46.3183 | font_size=9.0
_cargar_datos_tabla | C36 | valor=0.3002 | font_size=9.0
_cargar_datos_tabla | A37 | valor=40 | font_size=9.0
_cargar_datos_tabla | B37 | valor=45.6234 | font_size=9.0
_cargar_datos_tabla | C37 | valor=0.3048 | font_size=9.0
_cargar_datos_tabla | A38 | valor=41 | font_size=9.0
_cargar_datos_tabla | B38 | valor=44.9577 | font_size=9.0
_cargar_datos_tabla | C38 | valor=0.3093 | font_size=9.0
_cargar_datos_tabla | A39 | valor=42 | font_size=9.0
_cargar_datos_tabla | B39 | valor=44.3195 | font_size=9.0
_cargar_datos_tabla | C39 | valor=0.3137 | font_size=9.0
_cargar_datos_tabla | A40 | valor=43 | font_size=9.0
_cargar_datos_tabla | B40 | valor=43.7067 | font_size=9.0
_cargar_datos_tabla | C40 | valor=0.3181 | font_size=9.0
